-------------------------------------------------------------------------------
Test set: com.titanium.policy.aggregate.proposal.ProposalTest
-------------------------------------------------------------------------------
Tests run: 9, Failures: 3, Errors: 0, Skipped: 0, Time elapsed: 0.036 s <<< FAILURE! -- in com.titanium.policy.aggregate.proposal.ProposalTest
com.titanium.policy.aggregate.proposal.ProposalTest.testConvertToApplicationAfterConversion -- Time elapsed: 0.004 s <<< FAILURE!
org.opentest4j.AssertionFailedError: Unexpected exception type thrown, expected: <java.lang.IllegalArgumentException> but was: <com.titanium.policy.exception.PolicyBusinessRuleException>
	at org.junit.jupiter.api.AssertionFailureBuilder.build(AssertionFailureBuilder.java:158)
	at org.junit.jupiter.api.AssertThrows.assertThrows(AssertThrows.java:68)
	at org.junit.jupiter.api.AssertThrows.assertThrows(AssertThrows.java:35)
	at org.junit.jupiter.api.Assertions.assertThrows(Assertions.java:3223)
	at com.titanium.policy.aggregate.proposal.ProposalTest.testConvertToApplicationAfterConversion(ProposalTest.java:198)
Caused by: DomainException[errorCode=BUSINESS_RULE_VIOLATION, message=违反业务规则[POLICY_RULE_VIOLATION]: Only submitted proposals can be converted to application]
	at com.titanium.policy.aggregate.Proposal.convertToApplication(Proposal.java:215)
	at com.titanium.policy.aggregate.proposal.ProposalTest.lambda$testConvertToApplicationAfterConversion$2(ProposalTest.java:199)
	at org.junit.jupiter.api.AssertThrows.assertThrows(AssertThrows.java:54)
	... 3 more

com.titanium.policy.aggregate.proposal.ProposalTest.testSubmitProposalWithoutApplicant -- Time elapsed: 0.001 s <<< FAILURE!
org.opentest4j.AssertionFailedError: Unexpected exception type thrown, expected: <java.lang.IllegalArgumentException> but was: <com.titanium.policy.exception.PolicyBusinessRuleException>
	at org.junit.jupiter.api.AssertionFailureBuilder.build(AssertionFailureBuilder.java:158)
	at org.junit.jupiter.api.AssertThrows.assertThrows(AssertThrows.java:68)
	at org.junit.jupiter.api.AssertThrows.assertThrows(AssertThrows.java:35)
	at org.junit.jupiter.api.Assertions.assertThrows(Assertions.java:3223)
	at com.titanium.policy.aggregate.proposal.ProposalTest.testSubmitProposalWithoutApplicant(ProposalTest.java:131)
Caused by: DomainException[errorCode=BUSINESS_RULE_VIOLATION, message=违反业务规则[POLICY_RULE_VIOLATION]: At least one applicant is required]
	at com.titanium.policy.aggregate.Proposal.validateApplicants(Proposal.java:255)
	at com.titanium.policy.aggregate.Proposal.submitProposal(Proposal.java:188)
	at com.titanium.policy.aggregate.proposal.ProposalTest.lambda$testSubmitProposalWithoutApplicant$0(ProposalTest.java:132)
	at org.junit.jupiter.api.AssertThrows.assertThrows(AssertThrows.java:54)
	... 3 more

com.titanium.policy.aggregate.proposal.ProposalTest.testSubmitProposalWithoutSubject -- Time elapsed: 0.001 s <<< FAILURE!
org.opentest4j.AssertionFailedError: Unexpected exception type thrown, expected: <java.lang.IllegalArgumentException> but was: <com.titanium.policy.exception.PolicyBusinessRuleException>
	at org.junit.jupiter.api.AssertionFailureBuilder.build(AssertionFailureBuilder.java:158)
	at org.junit.jupiter.api.AssertThrows.assertThrows(AssertThrows.java:68)
	at org.junit.jupiter.api.AssertThrows.assertThrows(AssertThrows.java:35)
	at org.junit.jupiter.api.Assertions.assertThrows(Assertions.java:3223)
	at com.titanium.policy.aggregate.proposal.ProposalTest.testSubmitProposalWithoutSubject(ProposalTest.java:145)
Caused by: DomainException[errorCode=BUSINESS_RULE_VIOLATION, message=违反业务规则[POLICY_RULE_VIOLATION]: At least one subject is required]
	at com.titanium.policy.aggregate.Proposal.validateSubjects(Proposal.java:267)
	at com.titanium.policy.aggregate.Proposal.submitProposal(Proposal.java:189)
	at com.titanium.policy.aggregate.proposal.ProposalTest.lambda$testSubmitProposalWithoutSubject$1(ProposalTest.java:146)
	at org.junit.jupiter.api.AssertThrows.assertThrows(AssertThrows.java:54)
	... 3 more

